[debug] > Exec(early(addDefaultCommands), None, None)
[debug] > Exec(addDefaultCommands, None, None)
[debug] > Exec(early(initialize), None, None)
[debug] > Exec(initialize, None, None)
[debug] > Exec(boot, None, None)
[debug] > Exec(writeSbtVersion, None, None)
[debug] > Exec(reload, None, None)
[debug] > Exec(sbtStashOnFailure, None, None)
[debug] > Exec(onFailure loadFailed, None, None)
[debug] > Exec(loadp, None, None)
[info] welcome to sbt 1.6.2 (Ubuntu Java 11.0.11)
[debug]       Load.loadUnit: plugins took 862.265986ms
[debug]       Load.loadUnit: defsScala took 0.530807ms
[debug] [Loading] Scanning directory /home/duke/.sbt/1.0/plugins
[debug]         Load.loadUnit: mkEval took 67.214998ms
[debug] [Loading] Found non-root projects 
[debug] [Loading] Done in /home/duke/.sbt/1.0/plugins, returning: ()
[debug] deducing auto plugins based on known facts Set(Atom(sbt.plugins.CorePlugin)) and clauses Clauses(Clause(Atom(sbt.plugins.JvmPlugin),Set(Atom(sbt.plugins.IvyPlugin)))
[debug] Clause(Atom(sbt.ScriptedPlugin),Set(Atom(sbt.plugins.JvmPlugin)))
[debug] Clause(Atom(sbt.plugins.SbtPlugin),Set(Atom(sbt.ScriptedPlugin)))
[debug] Clause(Atom(sbt.plugins.SemanticdbPlugin),Set(Atom(sbt.plugins.JvmPlugin)))
[debug] Clause(Atom(sbt.plugins.JUnitXmlReportPlugin),Set(Atom(sbt.plugins.JvmPlugin)))
[debug] Clause(Atom(sbt.plugins.MiniDependencyTreePlugin),Set(Atom(sbt.plugins.JvmPlugin)))
[debug] Clause(Atom(sbt.plugins.CorePlugin),Set(Atom(sbt.plugins.IvyPlugin)))
[debug] Clause(Atom(sbt.plugins.IvyPlugin),Set(Atom(sbt.plugins.JvmPlugin)))
[debug] Clause(Atom(sbt.plugins.JvmPlugin),Set(Atom(sbt.plugins.SemanticdbPlugin)))
[debug] Clause(Atom(sbt.plugins.JvmPlugin),Set(Atom(sbt.plugins.JUnitXmlReportPlugin)))
[debug] Clause(Atom(sbt.plugins.CorePlugin),Set(Atom(sbt.plugins.Giter8TemplatePlugin)))
[debug] Clause(Atom(sbt.plugins.JvmPlugin),Set(Atom(sbt.plugins.MiniDependencyTreePlugin))))
[debug]   :: deduced result: Matched(sbt.plugins.CorePlugin,sbt.plugins.Giter8TemplatePlugin,sbt.plugins.IvyPlugin,sbt.plugins.JvmPlugin,sbt.plugins.MiniDependencyTreePlugin,sbt.plugins.JUnitXmlReportPlugin,sbt.plugins.SemanticdbPlugin)
[debug] Plugins.deducer#function took 38.574525 ms
[info] loading settings for project global-plugins from metals.sbt ...
[debug]           Load.resolveProject(global-plugins) took 195.926965ms
[debug]         Load.loadTransitive: finalizeProject(Project(id global-plugins, base: /home/duke/.sbt/1.0/plugins, plugins: List(<none>))) took 341.351515ms
[debug] [Loading] Done in /home/duke/.sbt/1.0/plugins, returning: (global-plugins)
[debug]       Load.loadUnit: loadedProjectsRaw took 1188.277169ms
[debug]       Load.loadUnit: cleanEvalClasses took 51.305055ms
[debug]     Load.loadUnit(file:/home/duke/.sbt/1.0/plugins/, ...) took 2158.254916ms
[debug]   Load.apply: load took 4874.338643ms
[debug]   Load.apply: resolveProjects took 12.82131ms
[debug]   Load.apply: finalTransforms took 433.323775ms
[debug]   Load.apply: config.delegates took 26.382019ms
[debug]   Load.apply: Def.make(settings)... took 2925.229894ms
[debug]   Load.apply: structureIndex took 797.9556ms
[debug]   Load.apply: mkStreams took 3.458491ms
[info] loading global plugins from /home/duke/.sbt/1.0/plugins
[debug] Running task... Cancel: Signal, check cycles: false, forcegc: true
